<?xml version="1.0" ?>
<testsuites disabled="0" errors="0" failures="0" tests="3" time="1.0280685424804688" name="SST TESTING FRAMEWORKS">
	<testsuite disabled="0" errors="0" failures="0" name="testsuite_default_RNGComponent" skipped="0" tests="3" time="1.0280685424804688">
		<testcase name="test_RNG_Marsaglia" time="0.256060" timestamp="2023_0118_20:03:42.026745 utc" classname="testcase_RNGComponent"/>
		<testcase name="test_RNG_Mersenne" time="0.287719" timestamp="2023_0118_20:03:42.282917 utc" classname="testcase_RNGComponent"/>
		<testcase name="test_RNG_xorshift" time="0.484289" timestamp="2023_0118_20:03:42.570740 utc" classname="testcase_RNGComponent"/>
	</testsuite>
</testsuites>
