<?xml version="1.0" ?>
<testsuites disabled="0" errors="0" failures="0" tests="3" time="0.4061009883880615" name="SST TESTING FRAMEWORKS">
	<testsuite disabled="0" errors="0" failures="0" name="testsuite_default_Links" skipped="0" tests="3" time="0.4061009883880615">
		<testcase name="test_Links" time="0.191804" timestamp="2023_0118_20:03:33.066220 utc" classname="testcase_Links"/>
		<testcase name="test_Links_dangling" time="0.102238" timestamp="2023_0118_20:03:33.258120 utc" classname="testcase_Links"/>
		<testcase name="test_Links_wrong_port" time="0.112059" timestamp="2023_0118_20:03:33.360424 utc" classname="testcase_Links"/>
	</testsuite>
</testsuites>
