<?xml version="1.0" ?>
<testsuites disabled="0" errors="0" failures="0" tests="3" time="1.9064207077026367" name="SST TESTING FRAMEWORKS">
	<testsuite disabled="0" errors="0" failures="0" name="testsuite_default_partitioner" skipped="0" tests="3" time="1.9064207077026367">
		<testcase name="test_linear" time="0.591409" timestamp="2023_0118_20:04:09.688169 utc" classname="testcase_Partitioners"/>
		<testcase name="test_roundrobin" time="0.687114" timestamp="2023_0118_20:04:10.279648 utc" classname="testcase_Partitioners"/>
		<testcase name="test_simple" time="0.627897" timestamp="2023_0118_20:04:10.966957 utc" classname="testcase_Partitioners"/>
	</testsuite>
</testsuites>
