<?xml version="1.0" ?>
<testsuites disabled="0" errors="0" failures="0" tests="39" time="5.067157506942749" name="SST TESTING FRAMEWORKS">
	<testsuite disabled="0" errors="0" failures="0" name="testsuite_default_SharedObject" skipped="0" tests="39" time="5.067157506942749">
		<testcase name="test_SharedObject_array_full_multi" time="0.151120" timestamp="2023_0118_20:03:43.287802 utc" classname="testcase_SharedObject"/>
		<testcase name="test_SharedObject_array_full_multi_conflict_fe" time="0.091554" timestamp="2023_0118_20:03:43.439029 utc" classname="testcase_SharedObject"/>
		<testcase name="test_SharedObject_array_full_multi_conflict_init" time="0.090560" timestamp="2023_0118_20:03:43.530654 utc" classname="testcase_SharedObject"/>
		<testcase name="test_SharedObject_array_full_multi_conflict_none" time="0.145951" timestamp="2023_0118_20:03:43.621288 utc" classname="testcase_SharedObject"/>
		<testcase name="test_SharedObject_array_full_single_fe" time="0.133184" timestamp="2023_0118_20:03:43.767306 utc" classname="testcase_SharedObject"/>
		<testcase name="test_SharedObject_array_full_single_init" time="0.139680" timestamp="2023_0118_20:03:43.900560 utc" classname="testcase_SharedObject"/>
		<testcase name="test_SharedObject_array_full_single_none" time="0.176677" timestamp="2023_0118_20:03:44.040309 utc" classname="testcase_SharedObject"/>
		<testcase name="test_SharedObject_array_late_initialize" time="0.107744" timestamp="2023_0118_20:03:44.217066 utc" classname="testcase_SharedObject"/>
		<testcase name="test_SharedObject_array_partial" time="0.144118" timestamp="2023_0118_20:03:44.324897 utc" classname="testcase_SharedObject"/>
		<testcase name="test_SharedObject_array_partial_doubleinit" time="0.122307" timestamp="2023_0118_20:03:44.469221 utc" classname="testcase_SharedObject"/>
		<testcase name="test_SharedObject_array_partial_late" time="0.101106" timestamp="2023_0118_20:03:44.591724 utc" classname="testcase_SharedObject"/>
		<testcase name="test_SharedObject_array_partial_late_nopub" time="0.096482" timestamp="2023_0118_20:03:44.692898 utc" classname="testcase_SharedObject"/>
		<testcase name="test_SharedObject_array_partial_nopub" time="0.215584" timestamp="2023_0118_20:03:44.789462 utc" classname="testcase_SharedObject"/>
		<testcase name="test_SharedObject_map_full_multi" time="0.186907" timestamp="2023_0118_20:03:45.005154 utc" classname="testcase_SharedObject"/>
		<testcase name="test_SharedObject_map_full_multi_conflict_fe" time="0.095126" timestamp="2023_0118_20:03:45.192177 utc" classname="testcase_SharedObject"/>
		<testcase name="test_SharedObject_map_full_multi_conflict_init" time="0.086848" timestamp="2023_0118_20:03:45.287385 utc" classname="testcase_SharedObject"/>
		<testcase name="test_SharedObject_map_full_multi_conflict_none" time="0.126570" timestamp="2023_0118_20:03:45.374335 utc" classname="testcase_SharedObject"/>
		<testcase name="test_SharedObject_map_full_single_fe" time="0.135353" timestamp="2023_0118_20:03:45.500983 utc" classname="testcase_SharedObject"/>
		<testcase name="test_SharedObject_map_full_single_init" time="0.157147" timestamp="2023_0118_20:03:45.636490 utc" classname="testcase_SharedObject"/>
		<testcase name="test_SharedObject_map_full_single_none" time="0.181464" timestamp="2023_0118_20:03:45.793741 utc" classname="testcase_SharedObject"/>
		<testcase name="test_SharedObject_map_late_initialize" time="0.125419" timestamp="2023_0118_20:03:45.975366 utc" classname="testcase_SharedObject"/>
		<testcase name="test_SharedObject_map_partial" time="0.132102" timestamp="2023_0118_20:03:46.100923 utc" classname="testcase_SharedObject"/>
		<testcase name="test_SharedObject_map_partial_doubleinit" time="0.104513" timestamp="2023_0118_20:03:46.233107 utc" classname="testcase_SharedObject"/>
		<testcase name="test_SharedObject_map_partial_late" time="0.102602" timestamp="2023_0118_20:03:46.337725 utc" classname="testcase_SharedObject"/>
		<testcase name="test_SharedObject_map_partial_late_nopub" time="0.094984" timestamp="2023_0118_20:03:46.440405 utc" classname="testcase_SharedObject"/>
		<testcase name="test_SharedObject_map_partial_nopub" time="0.159308" timestamp="2023_0118_20:03:46.535507 utc" classname="testcase_SharedObject"/>
		<testcase name="test_SharedObject_set_full_multi" time="0.172644" timestamp="2023_0118_20:03:46.694986 utc" classname="testcase_SharedObject"/>
		<testcase name="test_SharedObject_set_full_multi_conflict_fe" time="0.119775" timestamp="2023_0118_20:03:46.867914 utc" classname="testcase_SharedObject"/>
		<testcase name="test_SharedObject_set_full_multi_conflict_init" time="0.088916" timestamp="2023_0118_20:03:46.987827 utc" classname="testcase_SharedObject"/>
		<testcase name="test_SharedObject_set_full_multi_conflict_none" time="0.139302" timestamp="2023_0118_20:03:47.076826 utc" classname="testcase_SharedObject"/>
		<testcase name="test_SharedObject_set_full_single_fe" time="0.148790" timestamp="2023_0118_20:03:47.216215 utc" classname="testcase_SharedObject"/>
		<testcase name="test_SharedObject_set_full_single_init" time="0.137523" timestamp="2023_0118_20:03:47.365087 utc" classname="testcase_SharedObject"/>
		<testcase name="test_SharedObject_set_full_single_none" time="0.154205" timestamp="2023_0118_20:03:47.502704 utc" classname="testcase_SharedObject"/>
		<testcase name="test_SharedObject_set_late_initialize" time="0.128590" timestamp="2023_0118_20:03:47.656990 utc" classname="testcase_SharedObject"/>
		<testcase name="test_SharedObject_set_partial" time="0.144011" timestamp="2023_0118_20:03:47.785683 utc" classname="testcase_SharedObject"/>
		<testcase name="test_SharedObject_set_partial_doubleinit" time="0.094456" timestamp="2023_0118_20:03:47.929777 utc" classname="testcase_SharedObject"/>
		<testcase name="test_SharedObject_set_partial_late" time="0.096617" timestamp="2023_0118_20:03:48.024341 utc" classname="testcase_SharedObject"/>
		<testcase name="test_SharedObject_set_partial_late_nopub" time="0.103176" timestamp="2023_0118_20:03:48.121499 utc" classname="testcase_SharedObject"/>
		<testcase name="test_SharedObject_set_partial_nopub" time="0.134745" timestamp="2023_0118_20:03:48.224752 utc" classname="testcase_SharedObject"/>
	</testsuite>
</testsuites>
